<?xml version="1.0" encoding="UTF-8"?>
<coverage generated="1662925532290" clover="3.2.0">
  <project timestamp="1662925532290" name="All files">
    <metrics statements="78" coveredstatements="45" conditionals="14" coveredconditionals="11" methods="26" coveredmethods="12" elements="118" coveredelements="68" complexity="0" loc="78" ncloc="78" packages="5" files="12" classes="12"/>
    <package name="api">
      <metrics statements="1" coveredstatements="1" conditionals="0" coveredconditionals="0" methods="0" coveredmethods="0"/>
      <file name="userApi.tsx" path="/Users/adrianmatteopormachichocce/Documents/DevHernanPQ/PROYECT/PortafolioHernan/OnlyPostApp/src/api/userApi.tsx">
        <metrics statements="1" coveredstatements="1" conditionals="0" coveredconditionals="0" methods="0" coveredmethods="0"/>
        <line num="3" count="2" type="stmt"/>
      </file>
    </package>
    <package name="components">
      <metrics statements="18" coveredstatements="16" conditionals="12" coveredconditionals="11" methods="7" coveredmethods="5"/>
      <file name="headerPost.tsx" path="/Users/adrianmatteopormachichocce/Documents/DevHernanPQ/PROYECT/PortafolioHernan/OnlyPostApp/src/components/headerPost.tsx">
        <metrics statements="3" coveredstatements="3" conditionals="0" coveredconditionals="0" methods="1" coveredmethods="1"/>
        <line num="11" count="3" type="stmt"/>
        <line num="12" count="1" type="stmt"/>
        <line num="30" count="3" type="stmt"/>
      </file>
      <file name="itemSkeleton.tsx" path="/Users/adrianmatteopormachichocce/Documents/DevHernanPQ/PROYECT/PortafolioHernan/OnlyPostApp/src/components/itemSkeleton.tsx">
        <metrics statements="2" coveredstatements="1" conditionals="0" coveredconditionals="0" methods="1" coveredmethods="0"/>
        <line num="4" count="1" type="stmt"/>
        <line num="5" count="0" type="stmt"/>
      </file>
      <file name="post.tsx" path="/Users/adrianmatteopormachichocce/Documents/DevHernanPQ/PROYECT/PortafolioHernan/OnlyPostApp/src/components/post.tsx">
        <metrics statements="7" coveredstatements="6" conditionals="12" coveredconditionals="11" methods="3" coveredmethods="2"/>
        <line num="14" count="2" type="stmt"/>
        <line num="15" count="2" type="stmt"/>
        <line num="16" count="2" type="stmt"/>
        <line num="19" count="6" type="stmt"/>
        <line num="21" count="6" type="stmt"/>
        <line num="39" count="0" type="stmt"/>
        <line num="87" count="2" type="stmt"/>
      </file>
      <file name="searchBox.tsx" path="/Users/adrianmatteopormachichocce/Documents/DevHernanPQ/PROYECT/PortafolioHernan/OnlyPostApp/src/components/searchBox.tsx">
        <metrics statements="3" coveredstatements="3" conditionals="0" coveredconditionals="0" methods="1" coveredmethods="1"/>
        <line num="5" count="2" type="stmt"/>
        <line num="6" count="1" type="stmt"/>
        <line num="20" count="2" type="stmt"/>
      </file>
      <file name="title.tsx" path="/Users/adrianmatteopormachichocce/Documents/DevHernanPQ/PROYECT/PortafolioHernan/OnlyPostApp/src/components/title.tsx">
        <metrics statements="3" coveredstatements="3" conditionals="0" coveredconditionals="0" methods="1" coveredmethods="1"/>
        <line num="6" count="2" type="stmt"/>
        <line num="7" count="1" type="stmt"/>
        <line num="18" count="2" type="stmt"/>
      </file>
    </package>
    <package name="hooks">
      <metrics statements="36" coveredstatements="11" conditionals="2" coveredconditionals="0" methods="11" coveredmethods="2"/>
      <file name="useUser.tsx" path="/Users/adrianmatteopormachichocce/Documents/DevHernanPQ/PROYECT/PortafolioHernan/OnlyPostApp/src/hooks/useUser.tsx">
        <metrics statements="31" coveredstatements="6" conditionals="2" coveredconditionals="0" methods="10" coveredmethods="1"/>
        <line num="12" count="1" type="stmt"/>
        <line num="13" count="0" type="stmt"/>
        <line num="14" count="0" type="stmt"/>
        <line num="15" count="0" type="stmt"/>
        <line num="16" count="0" type="stmt"/>
        <line num="18" count="0" type="stmt"/>
        <line num="21" count="1" type="stmt"/>
        <line num="22" count="1" type="stmt"/>
        <line num="24" count="1" type="stmt"/>
        <line num="25" count="0" type="stmt"/>
        <line num="26" count="0" type="cond" truecount="0" falsecount="2"/>
        <line num="27" count="0" type="stmt"/>
        <line num="28" count="0" type="stmt"/>
        <line num="29" count="0" type="stmt"/>
        <line num="32" count="0" type="stmt"/>
        <line num="33" count="0" type="stmt"/>
        <line num="34" count="0" type="stmt"/>
        <line num="35" count="0" type="stmt"/>
        <line num="38" count="0" type="stmt"/>
        <line num="39" count="0" type="stmt"/>
        <line num="40" count="0" type="stmt"/>
        <line num="41" count="0" type="stmt"/>
        <line num="43" count="0" type="stmt"/>
        <line num="44" count="0" type="stmt"/>
        <line num="48" count="0" type="stmt"/>
        <line num="53" count="0" type="stmt"/>
        <line num="54" count="0" type="stmt"/>
        <line num="55" count="0" type="stmt"/>
        <line num="58" count="1" type="stmt"/>
        <line num="59" count="0" type="stmt"/>
        <line num="62" count="1" type="stmt"/>
      </file>
      <file name="utils.tsx" path="/Users/adrianmatteopormachichocce/Documents/DevHernanPQ/PROYECT/PortafolioHernan/OnlyPostApp/src/hooks/utils.tsx">
        <metrics statements="5" coveredstatements="5" conditionals="0" coveredconditionals="0" methods="1" coveredmethods="1"/>
        <line num="4" count="2" type="stmt"/>
        <line num="7" count="2" type="stmt"/>
        <line num="8" count="2" type="stmt"/>
        <line num="9" count="2" type="stmt"/>
        <line num="11" count="1" type="stmt"/>
      </file>
    </package>
    <package name="screens">
      <metrics statements="12" coveredstatements="6" conditionals="0" coveredconditionals="0" methods="4" coveredmethods="1"/>
      <file name="home.tsx" path="/Users/adrianmatteopormachichocce/Documents/DevHernanPQ/PROYECT/PortafolioHernan/OnlyPostApp/src/screens/home.tsx">
        <metrics statements="12" coveredstatements="6" conditionals="0" coveredconditionals="0" methods="4" coveredmethods="1"/>
        <line num="11" count="1" type="stmt"/>
        <line num="12" count="1" type="stmt"/>
        <line num="13" count="1" type="stmt"/>
        <line num="15" count="1" type="stmt"/>
        <line num="16" count="0" type="stmt"/>
        <line num="17" count="0" type="stmt"/>
        <line num="18" count="0" type="stmt"/>
        <line num="19" count="0" type="stmt"/>
        <line num="22" count="1" type="stmt"/>
        <line num="31" count="0" type="stmt"/>
        <line num="35" count="0" type="stmt"/>
        <line num="48" count="1" type="stmt"/>
      </file>
    </package>
    <package name="utils">
      <metrics statements="11" coveredstatements="11" conditionals="0" coveredconditionals="0" methods="4" coveredmethods="4"/>
      <file name="const.ts" path="/Users/adrianmatteopormachichocce/Documents/DevHernanPQ/PROYECT/PortafolioHernan/OnlyPostApp/src/utils/const.ts">
        <metrics statements="2" coveredstatements="2" conditionals="0" coveredconditionals="0" methods="0" coveredmethods="0"/>
        <line num="1" count="1" type="stmt"/>
        <line num="3" count="1" type="stmt"/>
      </file>
      <file name="functions.ts" path="/Users/adrianmatteopormachichocce/Documents/DevHernanPQ/PROYECT/PortafolioHernan/OnlyPostApp/src/utils/functions.ts">
        <metrics statements="1" coveredstatements="1" conditionals="0" coveredconditionals="0" methods="1" coveredmethods="1"/>
        <line num="2" count="13" type="stmt"/>
      </file>
      <file name="storage.ts" path="/Users/adrianmatteopormachichocce/Documents/DevHernanPQ/PROYECT/PortafolioHernan/OnlyPostApp/src/utils/storage.ts">
        <metrics statements="8" coveredstatements="8" conditionals="0" coveredconditionals="0" methods="3" coveredmethods="3"/>
        <line num="4" count="3" type="stmt"/>
        <line num="5" count="3" type="stmt"/>
        <line num="6" count="3" type="stmt"/>
        <line num="11" count="3" type="stmt"/>
        <line num="12" count="3" type="stmt"/>
        <line num="17" count="1" type="stmt"/>
        <line num="18" count="1" type="stmt"/>
        <line num="19" count="1" type="stmt"/>
      </file>
    </package>
  </project>
</coverage>
