{"/Users/adrianmatteopormachichocce/Documents/DevHernanPQ/PROYECT/PortafolioHernan/OnlyPostApp/src/components/searchBox.tsx": {"path":"/Users/adrianmatteopormachichocce/Documents/DevHernanPQ/PROYECT/PortafolioHernan/OnlyPostApp/src/components/searchBox.tsx","statementMap":{"0":{"start":{"line":5,"column":18},"end":{"line":41,"column":1}},"1":{"start":{"line":6,"column":4},"end":{"line":40,"column":6}}},"fnMap":{"0":{"name":"(anonymous_0)","decl":{"start":{"line":5,"column":18},"end":{"line":5,"column":19}},"loc":{"start":{"line":5,"column":24},"end":{"line":41,"column":1}},"line":5}},"branchMap":{},"s":{"0":1,"1":1},"f":{"0":1},"b":{},"_coverageSchema":"1a1c01bbd47fc00a2c39e90264f33305004495a9","hash":"c2d408829d88dfc7fd7e73a491d5ce4c8c79a4ab"}
}
