{"/Users/adrianmatteopormachichocce/Documents/DevHernanPQ/PROYECT/PortafolioHernan/OnlyPostApp/src/api/userApi.tsx": {"path":"/Users/adrianmatteopormachichocce/Documents/DevHernanPQ/PROYECT/PortafolioHernan/OnlyPostApp/src/api/userApi.tsx","statementMap":{"0":{"start":{"line":3,"column":23},"end":{"line":3,"column":37}}},"fnMap":{},"branchMap":{},"s":{"0":1},"f":{},"b":{},"_coverageSchema":"1a1c01bbd47fc00a2c39e90264f33305004495a9","hash":"68c7f08e131005cb0fbb77a0602b213477adbb16"}
,"/Users/adrianmatteopormachichocce/Documents/DevHernanPQ/PROYECT/PortafolioHernan/OnlyPostApp/src/components/headerPost.tsx": {"path":"/Users/adrianmatteopormachichocce/Documents/DevHernanPQ/PROYECT/PortafolioHernan/OnlyPostApp/src/components/headerPost.tsx","statementMap":{"0":{"start":{"line":11,"column":19},"end":{"line":31,"column":1}},"1":{"start":{"line":12,"column":4},"end":{"line":30,"column":5}},"2":{"start":{"line":35,"column":15},"end":{"line":42,"column":2}}},"fnMap":{"0":{"name":"(anonymous_0)","decl":{"start":{"line":11,"column":19},"end":{"line":11,"column":20}},"loc":{"start":{"line":11,"column":49},"end":{"line":31,"column":1}},"line":11}},"branchMap":{},"s":{"0":2,"1":1,"2":2},"f":{"0":1},"b":{},"_coverageSchema":"1a1c01bbd47fc00a2c39e90264f33305004495a9","hash":"46b6a7b9a3fcbb93d1ff8d4ccc9b73569190451a"}
,"/Users/adrianmatteopormachichocce/Documents/DevHernanPQ/PROYECT/PortafolioHernan/OnlyPostApp/src/components/post.tsx": {"path":"/Users/adrianmatteopormachichocce/Documents/DevHernanPQ/PROYECT/PortafolioHernan/OnlyPostApp/src/components/post.tsx","statementMap":{"0":{"start":{"line":14,"column":17},"end":{"line":83,"column":1}},"1":{"start":{"line":15,"column":21},"end":{"line":15,"column":39}},"2":{"start":{"line":16,"column":4},"end":{"line":82,"column":5}},"3":{"start":{"line":19,"column":40},"end":{"line":19,"column":63}},"4":{"start":{"line":21,"column":16},"end":{"line":79,"column":18}},"5":{"start":{"line":39,"column":65},"end":{"line":39,"column":79}},"6":{"start":{"line":87,"column":15},"end":{"line":127,"column":2}}},"fnMap":{"0":{"name":"(anonymous_0)","decl":{"start":{"line":14,"column":17},"end":{"line":14,"column":18}},"loc":{"start":{"line":14,"column":38},"end":{"line":83,"column":1}},"line":14},"1":{"name":"(anonymous_1)","decl":{"start":{"line":18,"column":27},"end":{"line":18,"column":28}},"loc":{"start":{"line":18,"column":44},"end":{"line":80,"column":13}},"line":18},"2":{"name":"(anonymous_2)","decl":{"start":{"line":39,"column":59},"end":{"line":39,"column":60}},"loc":{"start":{"line":39,"column":65},"end":{"line":39,"column":79}},"line":39}},"branchMap":{"0":{"loc":{"start":{"line":40,"column":53},"end":{"line":40,"column":78}},"type":"cond-expr","locations":[{"start":{"line":40,"column":60},"end":{"line":40,"column":67}},{"start":{"line":40,"column":70},"end":{"line":40,"column":78}}],"line":40},"1":{"loc":{"start":{"line":42,"column":51},"end":{"line":42,"column":73}},"type":"cond-expr","locations":[{"start":{"line":42,"column":58},"end":{"line":42,"column":63}},{"start":{"line":42,"column":66},"end":{"line":42,"column":73}}],"line":42},"2":{"loc":{"start":{"line":59,"column":33},"end":{"line":59,"column":51}},"type":"cond-expr","locations":[{"start":{"line":59,"column":40},"end":{"line":59,"column":44}},{"start":{"line":59,"column":47},"end":{"line":59,"column":51}}],"line":59},"3":{"loc":{"start":{"line":59,"column":62},"end":{"line":59,"column":82}},"type":"cond-expr","locations":[{"start":{"line":59,"column":69},"end":{"line":59,"column":77}},{"start":{"line":59,"column":80},"end":{"line":59,"column":82}}],"line":59},"4":{"loc":{"start":{"line":60,"column":33},"end":{"line":60,"column":87}},"type":"cond-expr","locations":[{"start":{"line":60,"column":46},"end":{"line":60,"column":80}},{"start":{"line":60,"column":83},"end":{"line":60,"column":87}}],"line":60},"5":{"loc":{"start":{"line":60,"column":46},"end":{"line":60,"column":80}},"type":"cond-expr","locations":[{"start":{"line":60,"column":53},"end":{"line":60,"column":67}},{"start":{"line":60,"column":70},"end":{"line":60,"column":80}}],"line":60}},"s":{"0":1,"1":2,"2":2,"3":6,"4":6,"5":0,"6":1},"f":{"0":2,"1":6,"2":0},"b":{"0":[3,3],"1":[3,3],"2":[3,3],"3":[3,3],"4":[6,0],"5":[3,3]},"_coverageSchema":"1a1c01bbd47fc00a2c39e90264f33305004495a9","hash":"2734fe568b97af1886a5fdc922a8d9a4657dde78"}
,"/Users/adrianmatteopormachichocce/Documents/DevHernanPQ/PROYECT/PortafolioHernan/OnlyPostApp/src/components/searchBox.tsx": {"path":"/Users/adrianmatteopormachichocce/Documents/DevHernanPQ/PROYECT/PortafolioHernan/OnlyPostApp/src/components/searchBox.tsx","statementMap":{"0":{"start":{"line":5,"column":18},"end":{"line":40,"column":1}},"1":{"start":{"line":6,"column":4},"end":{"line":39,"column":6}}},"fnMap":{"0":{"name":"(anonymous_0)","decl":{"start":{"line":5,"column":18},"end":{"line":5,"column":19}},"loc":{"start":{"line":5,"column":24},"end":{"line":40,"column":1}},"line":5}},"branchMap":{},"s":{"0":1,"1":1},"f":{"0":1},"b":{},"_coverageSchema":"1a1c01bbd47fc00a2c39e90264f33305004495a9","hash":"b505e791136f4f2694469553acb01fa9515f1815"}
,"/Users/adrianmatteopormachichocce/Documents/DevHernanPQ/PROYECT/PortafolioHernan/OnlyPostApp/src/utils/functions.ts": {"path":"/Users/adrianmatteopormachichocce/Documents/DevHernanPQ/PROYECT/PortafolioHernan/OnlyPostApp/src/utils/functions.ts","statementMap":{"0":{"start":{"line":2,"column":4},"end":{"line":2,"column":58}}},"fnMap":{"0":{"name":"capitalizarPrimeraLetra","decl":{"start":{"line":1,"column":16},"end":{"line":1,"column":39}},"loc":{"start":{"line":1,"column":55},"end":{"line":3,"column":1}},"line":1}},"branchMap":{},"s":{"0":13},"f":{"0":13},"b":{},"_coverageSchema":"1a1c01bbd47fc00a2c39e90264f33305004495a9","hash":"3f6b5cbbe0996c982e573d40d35861b0b0e53514"}
,"/Users/adrianmatteopormachichocce/Documents/DevHernanPQ/PROYECT/PortafolioHernan/OnlyPostApp/src/utils/storage.ts": {"path":"/Users/adrianmatteopormachichocce/Documents/DevHernanPQ/PROYECT/PortafolioHernan/OnlyPostApp/src/utils/storage.ts","statementMap":{"0":{"start":{"line":4,"column":4},"end":{"line":9,"column":5}},"1":{"start":{"line":5,"column":21},"end":{"line":5,"column":52}},"2":{"start":{"line":6,"column":8},"end":{"line":6,"column":33}},"3":{"start":{"line":8,"column":8},"end":{"line":8,"column":36}},"4":{"start":{"line":13,"column":4},"end":{"line":15,"column":23}},"5":{"start":{"line":14,"column":8},"end":{"line":14,"column":63}},"6":{"start":{"line":19,"column":4},"end":{"line":22,"column":23}},"7":{"start":{"line":20,"column":8},"end":{"line":20,"column":43}},"8":{"start":{"line":21,"column":8},"end":{"line":21,"column":20}}},"fnMap":{"0":{"name":"getDataAsyncStorage","decl":{"start":{"line":3,"column":22},"end":{"line":3,"column":41}},"loc":{"start":{"line":3,"column":64},"end":{"line":10,"column":1}},"line":3},"1":{"name":"saveDataAsyncStorage","decl":{"start":{"line":12,"column":22},"end":{"line":12,"column":42}},"loc":{"start":{"line":12,"column":71},"end":{"line":16,"column":1}},"line":12},"2":{"name":"removeDataAsyncStorage","decl":{"start":{"line":18,"column":22},"end":{"line":18,"column":44}},"loc":{"start":{"line":18,"column":58},"end":{"line":23,"column":1}},"line":18}},"branchMap":{},"s":{"0":3,"1":3,"2":3,"3":0,"4":3,"5":3,"6":1,"7":1,"8":1},"f":{"0":3,"1":3,"2":1},"b":{},"_coverageSchema":"1a1c01bbd47fc00a2c39e90264f33305004495a9","hash":"21f7291479e8b10d3c65f0e063da38c68dc6fdcb"}
}
