TN:
SF:src/components/post.tsx
FN:14,(anonymous_0)
FN:25,(anonymous_1)
FN:60,(anonymous_2)
FNF:3
FNH:2
FNDA:1,(anonymous_0)
FNDA:3,(anonymous_1)
FNDA:0,(anonymous_2)
DA:14,1
DA:16,1
DA:17,1
DA:26,3
DA:27,3
DA:60,0
DA:107,1
LF:7
LH:6
BRDA:61,0,0,0
BRDA:61,0,1,3
BRDA:63,1,0,0
BRDA:63,1,1,3
BRDA:79,2,0,0
BRDA:79,2,1,3
BRDA:79,3,0,0
BRDA:79,3,1,3
BRDA:80,4,0,3
BRDA:80,4,1,0
BRDA:80,5,0,0
BRDA:80,5,1,3
BRF:12
BRH:6
end_of_record
TN:
SF:src/components/searchBox.tsx
FN:5,(anonymous_0)
FNF:1
FNH:1
FNDA:1,(anonymous_0)
DA:5,1
DA:6,1
LF:2
LH:2
BRF:0
BRH:0
end_of_record
TN:
SF:src/utils/functions/functions.ts
FN:1,capitalizarPrimeraLetra
FNF:1
FNH:1
FNDA:6,capitalizarPrimeraLetra
DA:2,6
LF:1
LH:1
BRF:0
BRH:0
end_of_record
