TN:
SF:src/api/userApi.tsx
FNF:0
FNH:0
DA:3,1
LF:1
LH:1
BRF:0
BRH:0
end_of_record
TN:
SF:src/components/post.tsx
FN:14,(anonymous_0)
FN:27,(anonymous_1)
FN:29,(anonymous_2)
FNF:3
FNH:2
FNDA:1,(anonymous_0)
FNDA:3,(anonymous_1)
FNDA:0,(anonymous_2)
DA:14,1
DA:16,1
DA:19,1
DA:28,3
DA:29,3
DA:30,0
DA:32,3
DA:114,1
LF:8
LH:7
BRDA:68,0,0,3
BRDA:68,0,1,0
BRDA:70,1,0,3
BRDA:70,1,1,0
BRDA:86,2,0,3
BRDA:86,2,1,0
BRDA:86,3,0,3
BRDA:86,3,1,0
BRDA:87,4,0,3
BRDA:87,4,1,0
BRDA:87,5,0,3
BRDA:87,5,1,0
BRF:12
BRH:6
end_of_record
TN:
SF:src/components/searchBox.tsx
FN:5,(anonymous_0)
FNF:1
FNH:1
FNDA:1,(anonymous_0)
DA:5,1
DA:6,1
LF:2
LH:2
BRF:0
BRH:0
end_of_record
TN:
SF:src/utils/functions.ts
FN:1,capitalizarPrimeraLetra
FNF:1
FNH:1
FNDA:7,capitalizarPrimeraLetra
DA:2,7
LF:1
LH:1
BRF:0
BRH:0
end_of_record
